Started GET "/" for ::1 at 2024-01-27 17:30:40 +0900
  [1m[35m (1.0ms)[0m  [1m[35mCREATE TABLE "schema_migrations" ("version" varchar NOT NULL PRIMARY KEY)[0m
  [1m[35m (0.1ms)[0m  [1m[35mCREATE TABLE "ar_internal_metadata" ("key" varchar NOT NULL PRIMARY KEY, "value" varchar, "created_at" datetime(6) NOT NULL, "updated_at" datetime(6) NOT NULL)[0m
  [1m[36mActiveRecord::SchemaMigration Load (0.1ms)[0m  [1m[34mSELECT "schema_migrations"."version" FROM "schema_migrations" ORDER BY "schema_migrations"."version" ASC[0m
Processing by Rails::WelcomeController#index as HTML
  Rendering C:/Ruby32-x64/lib/ruby/gems/3.2.0/gems/railties-7.1.3/lib/rails/templates/rails/welcome/index.html.erb
  Rendered C:/Ruby32-x64/lib/ruby/gems/3.2.0/gems/railties-7.1.3/lib/rails/templates/rails/welcome/index.html.erb (Duration: 0.9ms | Allocations: 377)
Completed 200 OK in 87ms (Views: 23.5ms | ActiveRecord: 0.0ms | Allocations: 8788)


  [1m[36mActiveRecord::InternalMetadata Load (0.1ms)[0m  [1m[34mSELECT * FROM "ar_internal_metadata" WHERE "ar_internal_metadata"."key" = ? ORDER BY "ar_internal_metadata"."key" ASC LIMIT 1[0m  [[nil, "environment"]]
  [1m[36mActiveRecord::InternalMetadata Create (1.5ms)[0m  [1m[32mINSERT INTO "ar_internal_metadata" ("key", "value", "created_at", "updated_at") VALUES ('environment', 'development', '2024-01-28 00:41:01.557965', '2024-01-28 00:41:01.557967') RETURNING "key"[0m
  [1m[36mActiveRecord::SchemaMigration Load (0.1ms)[0m  [1m[34mSELECT "schema_migrations"."version" FROM "schema_migrations" ORDER BY "schema_migrations"."version" ASC[0m
Migrating to CreateTodos (20240128003037)
  [1m[36mTRANSACTION (0.0ms)[0m  [1m[36mbegin transaction[0m
  [1m[35m (0.5ms)[0m  [1m[35mCREATE TABLE "todos" ("id" integer PRIMARY KEY AUTOINCREMENT NOT NULL, "text" varchar, "created_at" datetime(6) NOT NULL, "updated_at" datetime(6) NOT NULL)[0m
  [1m[36mActiveRecord::SchemaMigration Create (0.1ms)[0m  [1m[32mINSERT INTO "schema_migrations" ("version") VALUES ('20240128003037') RETURNING "version"[0m
  [1m[36mTRANSACTION (0.1ms)[0m  [1m[36mcommit transaction[0m
  [1m[36mActiveRecord::SchemaMigration Load (0.0ms)[0m  [1m[34mSELECT "schema_migrations"."version" FROM "schema_migrations" ORDER BY "schema_migrations"."version" ASC[0m
Started GET "/" for 127.0.0.1 at 2024-01-28 10:08:21 +0900
  [1m[36mActiveRecord::SchemaMigration Load (0.1ms)[0m  [1m[34mSELECT "schema_migrations"."version" FROM "schema_migrations" ORDER BY "schema_migrations"."version" ASC[0m
Processing by TodosController#index as HTML
  Rendering layout layouts/application.html.erb
  Rendering todos/index.html.erb within layouts/application
  [1m[36mTodo Load (0.1ms)[0m  [1m[34mSELECT "todos".* FROM "todos"[0m
  ↳ app/views/todos/index.html.erb:17
  Rendered todos/index.html.erb within layouts/application (Duration: 4.6ms | Allocations: 1485)
  Rendered layout layouts/application.html.erb (Duration: 288.5ms | Allocations: 73764)
Completed 500 Internal Server Error in 402ms (ActiveRecord: 1.7ms | Allocations: 88130)


  
ActionView::Template::Error (Permission denied @ rb_file_s_rename - (C:/Users/f1351/dev/test_1/tmp/cache/assets/sprockets/v4.0.0/9A/9AIC7jEfB70ynLdpaWPmnfGHKvlrgCWjkmDZDF3Vj8w.cache.21880.25660.862492, C:/Users/f1351/dev/test_1/tmp/cache/assets/sprockets/v4.0.0/9A/9AIC7jEfB70ynLdpaWPmnfGHKvlrgCWjkmDZDF3Vj8w.cache)):
  
sprockets (4.2.1) lib/sprockets/path_utils.rb:362:in `rename'
sprockets (4.2.1) lib/sprockets/path_utils.rb:362:in `atomic_write'
sprockets (4.2.1) lib/sprockets/cache/file_store.rb:112:in `set'
sprockets (4.2.1) lib/sprockets/cache.rb:227:in `set'
sprockets (4.2.1) lib/sprockets/cache.rb:93:in `fetch'
sprockets (4.2.1) lib/sprockets/base.rb:71:in `file_digest'
sprockets (4.2.1) lib/sprockets.rb:213:in `block in <module:Sprockets>'
sprockets (4.2.1) lib/sprockets/dependencies.rb:68:in `resolve_dependency'
sprockets (4.2.1) lib/sprockets/cached_environment.rb:54:in `block in resolve_dependency'
concurrent-ruby (1.2.3) lib/concurrent-ruby/concurrent/map.rb:207:in `block in fetch_or_store'
concurrent-ruby (1.2.3) lib/concurrent-ruby/concurrent/map.rb:187:in `fetch'
concurrent-ruby (1.2.3) lib/concurrent-ruby/concurrent/map.rb:206:in `fetch_or_store'
sprockets (4.2.1) lib/sprockets/cached_environment.rb:54:in `resolve_dependency'
sprockets (4.2.1) lib/sprockets/loader.rb:290:in `block in resolve_dependencies'
C:/Ruby32-x64/lib/ruby/3.2.0/set.rb:511:in `each_key'
C:/Ruby32-x64/lib/ruby/3.2.0/set.rb:511:in `each'
sprockets (4.2.1) lib/sprockets/loader.rb:290:in `map'
sprockets (4.2.1) lib/sprockets/loader.rb:290:in `resolve_dependencies'
sprockets (4.2.1) lib/sprockets/loader.rb:222:in `load_from_unloaded'
sprockets (4.2.1) lib/sprockets/loader.rb:59:in `block in load'
sprockets (4.2.1) lib/sprockets/loader.rb:339:in `fetch_asset_from_dependency_cache'
sprockets (4.2.1) lib/sprockets/loader.rb:43:in `load'
sprockets (4.2.1) lib/sprockets/cached_environment.rb:44:in `block in load'
concurrent-ruby (1.2.3) lib/concurrent-ruby/concurrent/map.rb:207:in `block in fetch_or_store'
concurrent-ruby (1.2.3) lib/concurrent-ruby/concurrent/map.rb:187:in `fetch'
concurrent-ruby (1.2.3) lib/concurrent-ruby/concurrent/map.rb:206:in `fetch_or_store'
sprockets (4.2.1) lib/sprockets/cached_environment.rb:44:in `load'
sprockets (4.2.1) lib/sprockets/bundle.rb:27:in `call'
sprockets (4.2.1) lib/sprockets/processor_utils.rb:84:in `call_processor'
sprockets (4.2.1) lib/sprockets/processor_utils.rb:66:in `block in call_processors'
sprockets (4.2.1) lib/sprockets/processor_utils.rb:65:in `reverse_each'
sprockets (4.2.1) lib/sprockets/processor_utils.rb:65:in `call_processors'
sprockets (4.2.1) lib/sprockets/loader.rb:184:in `load_from_unloaded'
sprockets (4.2.1) lib/sprockets/loader.rb:59:in `block in load'
sprockets (4.2.1) lib/sprockets/loader.rb:339:in `fetch_asset_from_dependency_cache'
sprockets (4.2.1) lib/sprockets/loader.rb:43:in `load'
sprockets (4.2.1) lib/sprockets/cached_environment.rb:44:in `block in load'
concurrent-ruby (1.2.3) lib/concurrent-ruby/concurrent/map.rb:207:in `block in fetch_or_store'
concurrent-ruby (1.2.3) lib/concurrent-ruby/concurrent/map.rb:187:in `fetch'
concurrent-ruby (1.2.3) lib/concurrent-ruby/concurrent/map.rb:206:in `fetch_or_store'
sprockets (4.2.1) lib/sprockets/cached_environment.rb:44:in `load'
sprockets (4.2.1) lib/sprockets/base.rb:81:in `find_asset'
sprockets (4.2.1) lib/sprockets/base.rb:88:in `find_all_linked_assets'
sprockets (4.2.1) lib/sprockets/manifest.rb:125:in `each'
sprockets (4.2.1) lib/sprockets/manifest.rb:125:in `to_a'
sprockets (4.2.1) lib/sprockets/manifest.rb:125:in `block (2 levels) in find'
concurrent-ruby (1.2.3) lib/concurrent-ruby/concurrent/executor/safe_task_executor.rb:24:in `block in execute'
concurrent-ruby (1.2.3) lib/concurrent-ruby/concurrent/synchronization/mutex_lockable_object.rb:48:in `block in synchronize'
concurrent-ruby (1.2.3) lib/concurrent-ruby/concurrent/synchronization/mutex_lockable_object.rb:48:in `synchronize'
concurrent-ruby (1.2.3) lib/concurrent-ruby/concurrent/synchronization/mutex_lockable_object.rb:48:in `synchronize'
concurrent-ruby (1.2.3) lib/concurrent-ruby/concurrent/executor/safe_task_executor.rb:22:in `execute'
concurrent-ruby (1.2.3) lib/concurrent-ruby/concurrent/promise.rb:564:in `block in realize'
concurrent-ruby (1.2.3) lib/concurrent-ruby/concurrent/executor/ruby_thread_pool_executor.rb:359:in `run_task'
concurrent-ruby (1.2.3) lib/concurrent-ruby/concurrent/executor/ruby_thread_pool_executor.rb:350:in `block (3 levels) in create_worker'
concurrent-ruby (1.2.3) lib/concurrent-ruby/concurrent/executor/ruby_thread_pool_executor.rb:341:in `loop'
concurrent-ruby (1.2.3) lib/concurrent-ruby/concurrent/executor/ruby_thread_pool_executor.rb:341:in `block (2 levels) in create_worker'
concurrent-ruby (1.2.3) lib/concurrent-ruby/concurrent/executor/ruby_thread_pool_executor.rb:340:in `catch'
concurrent-ruby (1.2.3) lib/concurrent-ruby/concurrent/executor/ruby_thread_pool_executor.rb:340:in `block in create_worker'
Started GET "/" for 127.0.0.1 at 2024-01-28 10:11:41 +0900
Processing by TodosController#index as HTML
  Rendering layout layouts/application.html.erb
  Rendering todos/index.html.erb within layouts/application
  [1m[36mTodo Load (0.1ms)[0m  [1m[34mSELECT "todos".* FROM "todos"[0m
  ↳ app/views/todos/index.html.erb:17
  Rendered todos/index.html.erb within layouts/application (Duration: 2.9ms | Allocations: 1060)
  Rendered layout layouts/application.html.erb (Duration: 56.7ms | Allocations: 20382)
Completed 200 OK in 66ms (Views: 60.0ms | ActiveRecord: 1.8ms | Allocations: 21938)


Started POST "/todos" for 127.0.0.1 at 2024-01-28 10:11:47 +0900
Processing by TodosController#addTodo as HTML
  Parameters: {"authenticity_token"=>"[FILTERED]", "text"=>"test"}
[31mUnpermitted parameter: :authenticity_token. Context: { controller: TodosController, action: addTodo, request: #<ActionDispatch::Request:0x000001d448f12d18>, params: {"authenticity_token"=>"[FILTERED]", "text"=>"test", "controller"=>"todos", "action"=>"addTodo"} }[0m
  [1m[36mTRANSACTION (0.1ms)[0m  [1m[36mbegin transaction[0m
  ↳ app/controllers/todos_controller.rb:8:in `addTodo'
  [1m[36mTodo Create (0.9ms)[0m  [1m[32mINSERT INTO "todos" ("text", "created_at", "updated_at") VALUES (?, ?, ?) RETURNING "id"[0m  [["text", "test"], ["created_at", "2024-01-28 01:11:47.158284"], ["updated_at", "2024-01-28 01:11:47.158284"]]
  ↳ app/controllers/todos_controller.rb:8:in `addTodo'
  [1m[36mTRANSACTION (1.3ms)[0m  [1m[36mcommit transaction[0m
  ↳ app/controllers/todos_controller.rb:8:in `addTodo'
Redirected to http://127.0.0.1:3000/todos
Completed 302 Found in 68ms (ActiveRecord: 2.5ms | Allocations: 14076)


Started GET "/todos" for 127.0.0.1 at 2024-01-28 10:11:47 +0900
Processing by TodosController#index as HTML
  Rendering layout layouts/application.html.erb
  Rendering todos/index.html.erb within layouts/application
  [1m[36mTodo Load (0.1ms)[0m  [1m[34mSELECT "todos".* FROM "todos"[0m
  ↳ app/views/todos/index.html.erb:17
  Rendered todos/index.html.erb within layouts/application (Duration: 1.2ms | Allocations: 675)
  Rendered layout layouts/application.html.erb (Duration: 4.1ms | Allocations: 1608)
Completed 200 OK in 6ms (Views: 4.7ms | ActiveRecord: 0.1ms | Allocations: 1873)


Started DELETE "/todos/1" for 127.0.0.1 at 2024-01-28 10:11:49 +0900
Processing by TodosController#deleteTodo as HTML
  Parameters: {"authenticity_token"=>"[FILTERED]", "id"=>"1"}
  [1m[36mTodo Load (0.1ms)[0m  [1m[34mSELECT "todos".* FROM "todos" WHERE "todos"."id" = ? LIMIT ?[0m  [["id", 1], ["LIMIT", 1]]
  ↳ app/controllers/todos_controller.rb:13:in `deleteTodo'
  [1m[36mTRANSACTION (0.1ms)[0m  [1m[36mbegin transaction[0m
  ↳ app/controllers/todos_controller.rb:14:in `deleteTodo'
  [1m[36mTodo Destroy (1.2ms)[0m  [1m[31mDELETE FROM "todos" WHERE "todos"."id" = ?[0m  [["id", 1]]
  ↳ app/controllers/todos_controller.rb:14:in `deleteTodo'
  [1m[36mTRANSACTION (0.1ms)[0m  [1m[36mcommit transaction[0m
  ↳ app/controllers/todos_controller.rb:14:in `deleteTodo'
Redirected to http://127.0.0.1:3000/todos
Completed 302 Found in 17ms (ActiveRecord: 1.4ms | Allocations: 4112)


Started GET "/todos" for 127.0.0.1 at 2024-01-28 10:11:49 +0900
Processing by TodosController#index as HTML
  Rendering layout layouts/application.html.erb
  Rendering todos/index.html.erb within layouts/application
  [1m[36mTodo Load (0.1ms)[0m  [1m[34mSELECT "todos".* FROM "todos"[0m
  ↳ app/views/todos/index.html.erb:17
  Rendered todos/index.html.erb within layouts/application (Duration: 0.9ms | Allocations: 566)
  Rendered layout layouts/application.html.erb (Duration: 3.4ms | Allocations: 1503)
Completed 200 OK in 5ms (Views: 3.8ms | ActiveRecord: 0.0ms | Allocations: 1768)


Started POST "/todos" for 127.0.0.1 at 2024-01-28 11:14:53 +0900
Processing by TodosController#addTodo as HTML
  Parameters: {"authenticity_token"=>"[FILTERED]", "text"=>"tes"}
[31mUnpermitted parameter: :authenticity_token. Context: { controller: TodosController, action: addTodo, request: #<ActionDispatch::Request:0x000001d449b67d20>, params: {"authenticity_token"=>"[FILTERED]", "text"=>"tes", "controller"=>"todos", "action"=>"addTodo"} }[0m
  [1m[36mTRANSACTION (0.0ms)[0m  [1m[36mbegin transaction[0m
  ↳ app/controllers/todos_controller.rb:8:in `addTodo'
  [1m[36mTodo Create (3.2ms)[0m  [1m[32mINSERT INTO "todos" ("text", "created_at", "updated_at") VALUES (?, ?, ?) RETURNING "id"[0m  [["text", "tes"], ["created_at", "2024-01-28 02:14:53.362103"], ["updated_at", "2024-01-28 02:14:53.362103"]]
  ↳ app/controllers/todos_controller.rb:8:in `addTodo'
  [1m[36mTRANSACTION (1.4ms)[0m  [1m[36mcommit transaction[0m
  ↳ app/controllers/todos_controller.rb:8:in `addTodo'
Redirected to http://127.0.0.1:3000/todos
Completed 302 Found in 11ms (ActiveRecord: 5.6ms | Allocations: 2092)


Started GET "/todos" for 127.0.0.1 at 2024-01-28 11:14:53 +0900
Processing by TodosController#index as HTML
  Rendering layout layouts/application.html.erb
  Rendering todos/index.html.erb within layouts/application
  [1m[36mTodo Load (0.1ms)[0m  [1m[34mSELECT "todos".* FROM "todos"[0m
  ↳ app/views/todos/index.html.erb:17
  Rendered todos/index.html.erb within layouts/application (Duration: 1.5ms | Allocations: 627)
  Rendered layout layouts/application.html.erb (Duration: 5.1ms | Allocations: 1559)
Completed 200 OK in 7ms (Views: 5.7ms | ActiveRecord: 0.1ms | Allocations: 1822)


Started POST "/todos" for 127.0.0.1 at 2024-01-28 11:15:00 +0900
Processing by TodosController#addTodo as HTML
  Parameters: {"authenticity_token"=>"[FILTERED]", "text"=>"tes2"}
[31mUnpermitted parameter: :authenticity_token. Context: { controller: TodosController, action: addTodo, request: #<ActionDispatch::Request:0x000001d4499294c8>, params: {"authenticity_token"=>"[FILTERED]", "text"=>"tes2", "controller"=>"todos", "action"=>"addTodo"} }[0m
  [1m[36mTRANSACTION (0.0ms)[0m  [1m[36mbegin transaction[0m
  ↳ app/controllers/todos_controller.rb:8:in `addTodo'
  [1m[36mTodo Create (0.7ms)[0m  [1m[32mINSERT INTO "todos" ("text", "created_at", "updated_at") VALUES (?, ?, ?) RETURNING "id"[0m  [["text", "tes2"], ["created_at", "2024-01-28 02:15:00.415875"], ["updated_at", "2024-01-28 02:15:00.415875"]]
  ↳ app/controllers/todos_controller.rb:8:in `addTodo'
  [1m[36mTRANSACTION (0.1ms)[0m  [1m[36mcommit transaction[0m
  ↳ app/controllers/todos_controller.rb:8:in `addTodo'
Redirected to http://127.0.0.1:3000/todos
Completed 302 Found in 4ms (ActiveRecord: 0.8ms | Allocations: 1813)


Started GET "/todos" for 127.0.0.1 at 2024-01-28 11:15:00 +0900
Processing by TodosController#index as HTML
  Rendering layout layouts/application.html.erb
  Rendering todos/index.html.erb within layouts/application
  [1m[36mTodo Load (0.1ms)[0m  [1m[34mSELECT "todos".* FROM "todos"[0m
  ↳ app/views/todos/index.html.erb:17
  Rendered todos/index.html.erb within layouts/application (Duration: 1.0ms | Allocations: 644)
  Rendered layout layouts/application.html.erb (Duration: 3.7ms | Allocations: 1576)
Completed 200 OK in 5ms (Views: 4.4ms | ActiveRecord: 0.1ms | Allocations: 1839)


Started POST "/todos" for 127.0.0.1 at 2024-01-28 11:15:05 +0900
Processing by TodosController#addTodo as HTML
  Parameters: {"authenticity_token"=>"[FILTERED]", "text"=>"tes3"}
[31mUnpermitted parameter: :authenticity_token. Context: { controller: TodosController, action: addTodo, request: #<ActionDispatch::Request:0x000001d449d4e800>, params: {"authenticity_token"=>"[FILTERED]", "text"=>"tes3", "controller"=>"todos", "action"=>"addTodo"} }[0m
  [1m[36mTRANSACTION (0.1ms)[0m  [1m[36mbegin transaction[0m
  ↳ app/controllers/todos_controller.rb:8:in `addTodo'
  [1m[36mTodo Create (0.8ms)[0m  [1m[32mINSERT INTO "todos" ("text", "created_at", "updated_at") VALUES (?, ?, ?) RETURNING "id"[0m  [["text", "tes3"], ["created_at", "2024-01-28 02:15:05.655106"], ["updated_at", "2024-01-28 02:15:05.655106"]]
  ↳ app/controllers/todos_controller.rb:8:in `addTodo'
  [1m[36mTRANSACTION (0.2ms)[0m  [1m[36mcommit transaction[0m
  ↳ app/controllers/todos_controller.rb:8:in `addTodo'
Redirected to http://127.0.0.1:3000/todos
Completed 302 Found in 5ms (ActiveRecord: 1.1ms | Allocations: 1846)


Started GET "/todos" for 127.0.0.1 at 2024-01-28 11:15:05 +0900
Processing by TodosController#index as HTML
  Rendering layout layouts/application.html.erb
  Rendering todos/index.html.erb within layouts/application
  [1m[36mTodo Load (0.1ms)[0m  [1m[34mSELECT "todos".* FROM "todos"[0m
  ↳ app/views/todos/index.html.erb:17
  Rendered todos/index.html.erb within layouts/application (Duration: 1.0ms | Allocations: 657)
  Rendered layout layouts/application.html.erb (Duration: 3.4ms | Allocations: 1589)
Completed 200 OK in 5ms (Views: 3.8ms | ActiveRecord: 0.0ms | Allocations: 1852)


Started DELETE "/todos/3" for 127.0.0.1 at 2024-01-28 11:15:07 +0900
Processing by TodosController#deleteTodo as HTML
  Parameters: {"authenticity_token"=>"[FILTERED]", "id"=>"3"}
  [1m[36mTodo Load (0.1ms)[0m  [1m[34mSELECT "todos".* FROM "todos" WHERE "todos"."id" = ? LIMIT ?[0m  [["id", 3], ["LIMIT", 1]]
  ↳ app/controllers/todos_controller.rb:13:in `deleteTodo'
  [1m[36mTRANSACTION (0.1ms)[0m  [1m[36mbegin transaction[0m
  ↳ app/controllers/todos_controller.rb:14:in `deleteTodo'
  [1m[36mTodo Destroy (0.7ms)[0m  [1m[31mDELETE FROM "todos" WHERE "todos"."id" = ?[0m  [["id", 3]]
  ↳ app/controllers/todos_controller.rb:14:in `deleteTodo'
  [1m[36mTRANSACTION (0.1ms)[0m  [1m[36mcommit transaction[0m
  ↳ app/controllers/todos_controller.rb:14:in `deleteTodo'
Redirected to http://127.0.0.1:3000/todos
Completed 302 Found in 5ms (ActiveRecord: 0.9ms | Allocations: 1769)


Started GET "/todos" for 127.0.0.1 at 2024-01-28 11:15:07 +0900
Processing by TodosController#index as HTML
  Rendering layout layouts/application.html.erb
  Rendering todos/index.html.erb within layouts/application
  [1m[36mTodo Load (0.1ms)[0m  [1m[34mSELECT "todos".* FROM "todos"[0m
  ↳ app/views/todos/index.html.erb:17
  Rendered todos/index.html.erb within layouts/application (Duration: 1.1ms | Allocations: 635)
  Rendered layout layouts/application.html.erb (Duration: 3.4ms | Allocations: 1567)
Completed 200 OK in 5ms (Views: 3.9ms | ActiveRecord: 0.0ms | Allocations: 1830)


  [1m[36mActiveRecord::InternalMetadata Load (0.1ms)[0m  [1m[34mSELECT * FROM "ar_internal_metadata" WHERE "ar_internal_metadata"."key" = ? ORDER BY "ar_internal_metadata"."key" ASC LIMIT 1[0m  [[nil, "environment"]]
  [1m[36mActiveRecord::SchemaMigration Load (0.1ms)[0m  [1m[34mSELECT "schema_migrations"."version" FROM "schema_migrations" ORDER BY "schema_migrations"."version" ASC[0m
Migrating to CreateUsers (20240128041445)
  [1m[36mTRANSACTION (0.0ms)[0m  [1m[36mbegin transaction[0m
  [1m[35m (0.5ms)[0m  [1m[35mCREATE TABLE "users" ("id" integer PRIMARY KEY AUTOINCREMENT NOT NULL, "user_name" varchar, "email" varchar, "password_digest" varchar, "created_at" datetime(6) NOT NULL, "updated_at" datetime(6) NOT NULL)[0m
  [1m[36mActiveRecord::SchemaMigration Create (0.1ms)[0m  [1m[32mINSERT INTO "schema_migrations" ("version") VALUES ('20240128041445') RETURNING "version"[0m
  [1m[36mTRANSACTION (0.9ms)[0m  [1m[36mcommit transaction[0m
  [1m[36mActiveRecord::SchemaMigration Load (0.0ms)[0m  [1m[34mSELECT "schema_migrations"."version" FROM "schema_migrations" ORDER BY "schema_migrations"."version" ASC[0m
  [1m[36mUser Load (0.1ms)[0m  [1m[34mSELECT "users".* FROM "users" /* loading for pp */ LIMIT ?[0m  [["LIMIT", 11]]
  [1m[36mTRANSACTION (0.0ms)[0m  [1m[36mbegin transaction[0m
  [1m[36mUser Create (0.6ms)[0m  [1m[32mINSERT INTO "users" ("user_name", "email", "password_digest", "created_at", "updated_at") VALUES (?, ?, ?, ?, ?) RETURNING "id"[0m  [["user_name", "test_user"], ["email", "user@test.com"], ["password_digest", "[FILTERED]"], ["created_at", "2024-01-28 05:01:18.773821"], ["updated_at", "2024-01-28 05:01:18.773821"]]
  [1m[36mTRANSACTION (0.2ms)[0m  [1m[36mcommit transaction[0m
  [1m[36mActiveRecord::SchemaMigration Load (0.1ms)[0m  [1m[34mSELECT "schema_migrations"."version" FROM "schema_migrations" ORDER BY "schema_migrations"."version" ASC[0m
  [1m[36mActiveRecord::SchemaMigration Load (0.0ms)[0m  [1m[34mSELECT "schema_migrations"."version" FROM "schema_migrations" ORDER BY "schema_migrations"."version" ASC[0m
  [1m[36mActiveRecord::SchemaMigration Load (0.0ms)[0m  [1m[34mSELECT "schema_migrations"."version" FROM "schema_migrations" ORDER BY "schema_migrations"."version" ASC[0m
  [1m[36mActiveRecord::SchemaMigration Load (0.0ms)[0m  [1m[34mSELECT "schema_migrations"."version" FROM "schema_migrations" ORDER BY "schema_migrations"."version" ASC[0m
Migrating to CreateUsers (20240128041445)
  [1m[36mTRANSACTION (0.0ms)[0m  [1m[36mbegin transaction[0m
  [1m[35m (1.1ms)[0m  [1m[35mDROP TABLE "users"[0m
  [1m[36mActiveRecord::SchemaMigration Destroy (0.1ms)[0m  [1m[31mDELETE FROM "schema_migrations" WHERE "schema_migrations"."version" = '20240128041445'[0m
  [1m[36mTRANSACTION (0.2ms)[0m  [1m[36mcommit transaction[0m
  [1m[36mActiveRecord::SchemaMigration Load (0.1ms)[0m  [1m[34mSELECT "schema_migrations"."version" FROM "schema_migrations" ORDER BY "schema_migrations"."version" ASC[0m
  [1m[36mActiveRecord::InternalMetadata Load (0.1ms)[0m  [1m[34mSELECT * FROM "ar_internal_metadata" WHERE "ar_internal_metadata"."key" = ? ORDER BY "ar_internal_metadata"."key" ASC LIMIT 1[0m  [[nil, "environment"]]
  [1m[36mActiveRecord::SchemaMigration Load (0.0ms)[0m  [1m[34mSELECT "schema_migrations"."version" FROM "schema_migrations" ORDER BY "schema_migrations"."version" ASC[0m
Migrating to CreateUsers (20240128041445)
  [1m[36mTRANSACTION (0.0ms)[0m  [1m[36mbegin transaction[0m
  [1m[35m (0.5ms)[0m  [1m[35mCREATE TABLE "users" ("id" integer PRIMARY KEY AUTOINCREMENT NOT NULL, "user_name" varchar NOT NULL, "email" varchar NOT NULL, "password_digest" varchar, "created_at" datetime(6) NOT NULL, "updated_at" datetime(6) NOT NULL)[0m
  [1m[36mActiveRecord::SchemaMigration Create (0.1ms)[0m  [1m[32mINSERT INTO "schema_migrations" ("version") VALUES ('20240128041445') RETURNING "version"[0m
  [1m[36mTRANSACTION (0.1ms)[0m  [1m[36mcommit transaction[0m
  [1m[36mActiveRecord::SchemaMigration Load (0.0ms)[0m  [1m[34mSELECT "schema_migrations"."version" FROM "schema_migrations" ORDER BY "schema_migrations"."version" ASC[0m
Started GET "/" for 127.0.0.1 at 2024-01-28 14:23:31 +0900
  [1m[36mActiveRecord::SchemaMigration Load (0.1ms)[0m  [1m[34mSELECT "schema_migrations"."version" FROM "schema_migrations" ORDER BY "schema_migrations"."version" ASC[0m
Processing by TodosController#index as HTML
  Rendering layout layouts/application.html.erb
  Rendering todos/index.html.erb within layouts/application
  [1m[36mTodo Load (0.1ms)[0m  [1m[34mSELECT "todos".* FROM "todos"[0m
  ↳ app/views/todos/index.html.erb:17
  Rendered todos/index.html.erb within layouts/application (Duration: 22.5ms | Allocations: 10543)
  Rendered layout layouts/application.html.erb (Duration: 60.6ms | Allocations: 29831)
Completed 200 OK in 99ms (Views: 67.3ms | ActiveRecord: 2.1ms | Allocations: 40685)


Started GET "/saignup" for 127.0.0.1 at 2024-01-28 14:23:45 +0900
  
ActionController::RoutingError (No route matches [GET] "/saignup"):
  
Started GET "/signup" for 127.0.0.1 at 2024-01-28 14:23:53 +0900
Processing by SignupController#new as HTML
  Rendering layout layouts/application.html.erb
  Rendering signup/new.html.erb within layouts/application
  Rendered signup/new.html.erb within layouts/application (Duration: 1.0ms | Allocations: 1594)
  Rendered layout layouts/application.html.erb (Duration: 1.4ms | Allocations: 1679)
Completed 500 Internal Server Error in 20ms (ActiveRecord: 0.4ms | Allocations: 8500)


  
ActionView::Template::Error (undefined local variable or method `form' for #<ActionView::Base:0x0000000000b338>):
    1: <!--エラー表示-->
    2: <% if form.object.errors.any? %>
    3: <div class="alert alert-danger">
    4:   <% form.object.errors.full_messages.each do |message|  %>
    5:     <div>
  
app/views/signup/new.html.erb:2
Started GET "/todos" for 127.0.0.1 at 2024-01-28 14:24:09 +0900
Processing by TodosController#index as HTML
  Rendering layout layouts/application.html.erb
  Rendering todos/index.html.erb within layouts/application
  [1m[36mTodo Load (0.1ms)[0m  [1m[34mSELECT "todos".* FROM "todos"[0m
  ↳ app/views/todos/index.html.erb:17
  Rendered todos/index.html.erb within layouts/application (Duration: 1.3ms | Allocations: 658)
  Rendered layout layouts/application.html.erb (Duration: 4.1ms | Allocations: 1606)
Completed 200 OK in 6ms (Views: 4.7ms | ActiveRecord: 0.1ms | Allocations: 1879)


Started GET "/signup" for 127.0.0.1 at 2024-01-28 14:24:17 +0900
Processing by SignupController#new as HTML
  Rendering layout layouts/application.html.erb
  Rendering signup/new.html.erb within layouts/application
  Rendered signup/new.html.erb within layouts/application (Duration: 0.2ms | Allocations: 969)
  Rendered layout layouts/application.html.erb (Duration: 0.7ms | Allocations: 1054)
Completed 500 Internal Server Error in 2ms (ActiveRecord: 0.0ms | Allocations: 1301)


  
ActionView::Template::Error (undefined local variable or method `form' for #<ActionView::Base:0x0000000000b6d0>):
    1: <!--エラー表示-->
    2: <% if form.object.errors.any? %>
    3: <div class="alert alert-danger">
    4:   <% form.object.errors.full_messages.each do |message|  %>
    5:     <div>
  
app/views/signup/new.html.erb:2
Started GET "/signup" for 127.0.0.1 at 2024-01-28 14:24:35 +0900
Processing by SignupController#new as HTML
  Rendering layout layouts/application.html.erb
  Rendering signup/new.html.erb within layouts/application
  Rendered signup/new.html.erb within layouts/application (Duration: 0.8ms | Allocations: 1501)
  Rendered layout layouts/application.html.erb (Duration: 1.1ms | Allocations: 1587)
Completed 500 Internal Server Error in 14ms (ActiveRecord: 2.4ms | Allocations: 6533)


  
ActionView::Template::Error (undefined local variable or method `form' for #<ActionView::Base:0x0000000000ee98>):
    1: 
    2: <% if form.object.errors.any? %>
    3: <div class="alert alert-danger">
    4:   <% form.object.errors.full_messages.each do |message|  %>
    5:     <div>
  
app/views/signup/new.html.erb:2
Started GET "/signup" for 127.0.0.1 at 2024-01-28 14:25:27 +0900
Processing by SignupController#new as HTML
  Rendering layout layouts/application.html.erb
  Rendering signup/new.html.erb within layouts/application
  Rendered signup/new.html.erb within layouts/application (Duration: 23.6ms | Allocations: 3446)
  Rendered layout layouts/application.html.erb (Duration: 26.5ms | Allocations: 4620)
Completed 200 OK in 38ms (Views: 31.0ms | ActiveRecord: 2.3ms | Allocations: 9582)


Started GET "/signup" for 127.0.0.1 at 2024-01-28 14:26:41 +0900
Processing by SignupController#new as HTML
  Rendering layout layouts/application.html.erb
  Rendering signup/new.html.erb within layouts/application
  Rendered signup/new.html.erb within layouts/application (Duration: 2.1ms | Allocations: 2025)
  Rendered layout layouts/application.html.erb (Duration: 5.4ms | Allocations: 3183)
Completed 200 OK in 16ms (Views: 9.6ms | ActiveRecord: 1.9ms | Allocations: 8083)


Started POST "/signup" for 127.0.0.1 at 2024-01-28 14:27:46 +0900
  
AbstractController::ActionNotFound (The action 'create' could not be found for SignupController):
  
actionpack (7.1.3) lib/abstract_controller/base.rb:155:in `process'
actionview (7.1.3) lib/action_view/rendering.rb:40:in `process'
actionpack (7.1.3) lib/action_controller/metal.rb:227:in `dispatch'
actionpack (7.1.3) lib/action_controller/metal.rb:309:in `dispatch'
actionpack (7.1.3) lib/action_dispatch/routing/route_set.rb:49:in `dispatch'
actionpack (7.1.3) lib/action_dispatch/routing/route_set.rb:32:in `serve'
actionpack (7.1.3) lib/action_dispatch/journey/router.rb:51:in `block in serve'
actionpack (7.1.3) lib/action_dispatch/journey/router.rb:131:in `block in find_routes'
actionpack (7.1.3) lib/action_dispatch/journey/router.rb:124:in `each'
actionpack (7.1.3) lib/action_dispatch/journey/router.rb:124:in `find_routes'
actionpack (7.1.3) lib/action_dispatch/journey/router.rb:32:in `serve'
actionpack (7.1.3) lib/action_dispatch/routing/route_set.rb:882:in `call'
rack (3.0.8) lib/rack/tempfile_reaper.rb:20:in `call'
rack (3.0.8) lib/rack/etag.rb:29:in `call'
rack (3.0.8) lib/rack/conditional_get.rb:43:in `call'
rack (3.0.8) lib/rack/head.rb:15:in `call'
actionpack (7.1.3) lib/action_dispatch/http/permissions_policy.rb:36:in `call'
actionpack (7.1.3) lib/action_dispatch/http/content_security_policy.rb:33:in `call'
rack-session (2.0.0) lib/rack/session/abstract/id.rb:272:in `context'
rack-session (2.0.0) lib/rack/session/abstract/id.rb:266:in `call'
actionpack (7.1.3) lib/action_dispatch/middleware/cookies.rb:689:in `call'
activerecord (7.1.3) lib/active_record/migration.rb:655:in `call'
actionpack (7.1.3) lib/action_dispatch/middleware/callbacks.rb:29:in `block in call'
activesupport (7.1.3) lib/active_support/callbacks.rb:101:in `run_callbacks'
actionpack (7.1.3) lib/action_dispatch/middleware/callbacks.rb:28:in `call'
actionpack (7.1.3) lib/action_dispatch/middleware/executor.rb:14:in `call'
actionpack (7.1.3) lib/action_dispatch/middleware/actionable_exceptions.rb:16:in `call'
actionpack (7.1.3) lib/action_dispatch/middleware/debug_exceptions.rb:29:in `call'
web-console (4.2.1) lib/web_console/middleware.rb:132:in `call_app'
web-console (4.2.1) lib/web_console/middleware.rb:28:in `block in call'
web-console (4.2.1) lib/web_console/middleware.rb:17:in `catch'
web-console (4.2.1) lib/web_console/middleware.rb:17:in `call'
actionpack (7.1.3) lib/action_dispatch/middleware/show_exceptions.rb:31:in `call'
railties (7.1.3) lib/rails/rack/logger.rb:37:in `call_app'
railties (7.1.3) lib/rails/rack/logger.rb:24:in `block in call'
activesupport (7.1.3) lib/active_support/tagged_logging.rb:135:in `block in tagged'
activesupport (7.1.3) lib/active_support/tagged_logging.rb:39:in `tagged'
activesupport (7.1.3) lib/active_support/tagged_logging.rb:135:in `tagged'
activesupport (7.1.3) lib/active_support/broadcast_logger.rb:240:in `method_missing'
railties (7.1.3) lib/rails/rack/logger.rb:24:in `call'
sprockets-rails (3.4.2) lib/sprockets/rails/quiet_assets.rb:13:in `call'
actionpack (7.1.3) lib/action_dispatch/middleware/remote_ip.rb:92:in `call'
actionpack (7.1.3) lib/action_dispatch/middleware/request_id.rb:28:in `call'
rack (3.0.8) lib/rack/method_override.rb:28:in `call'
rack (3.0.8) lib/rack/runtime.rb:24:in `call'
activesupport (7.1.3) lib/active_support/cache/strategy/local_cache_middleware.rb:29:in `call'
actionpack (7.1.3) lib/action_dispatch/middleware/server_timing.rb:59:in `block in call'
actionpack (7.1.3) lib/action_dispatch/middleware/server_timing.rb:24:in `collect_events'
actionpack (7.1.3) lib/action_dispatch/middleware/server_timing.rb:58:in `call'
actionpack (7.1.3) lib/action_dispatch/middleware/executor.rb:14:in `call'
actionpack (7.1.3) lib/action_dispatch/middleware/static.rb:25:in `call'
rack (3.0.8) lib/rack/sendfile.rb:114:in `call'
actionpack (7.1.3) lib/action_dispatch/middleware/host_authorization.rb:141:in `call'
railties (7.1.3) lib/rails/engine.rb:536:in `call'
puma (6.4.2) lib/puma/configuration.rb:272:in `call'
puma (6.4.2) lib/puma/request.rb:100:in `block in handle_request'
puma (6.4.2) lib/puma/thread_pool.rb:378:in `with_force_shutdown'
puma (6.4.2) lib/puma/request.rb:99:in `handle_request'
puma (6.4.2) lib/puma/server.rb:464:in `process_client'
puma (6.4.2) lib/puma/server.rb:245:in `block in run'
puma (6.4.2) lib/puma/thread_pool.rb:155:in `block in spawn_thread'
Started GET "/signup" for 127.0.0.1 at 2024-01-28 14:31:24 +0900
Processing by SignupController#new as HTML
  Rendering layout layouts/application.html.erb
  Rendering signup/new.html.erb within layouts/application
  Rendered signup/new.html.erb within layouts/application (Duration: 1.9ms | Allocations: 1581)
  Rendered layout layouts/application.html.erb (Duration: 5.2ms | Allocations: 2754)
Completed 200 OK in 16ms (Views: 9.4ms | ActiveRecord: 2.1ms | Allocations: 7713)


Started GET "/signup" for 127.0.0.1 at 2024-01-28 14:32:16 +0900
Processing by SignupController#new as HTML
  Rendering layout layouts/application.html.erb
  Rendering signup/new.html.erb within layouts/application
  Rendered signup/new.html.erb within layouts/application (Duration: 1.0ms | Allocations: 1383)
  Rendered layout layouts/application.html.erb (Duration: 1.3ms | Allocations: 1469)
Completed 500 Internal Server Error in 14ms (ActiveRecord: 2.4ms | Allocations: 6372)


  
ActionView::Template::Error (undefined local variable or method `form' for #<ActionView::Base:0x0000000001ca70>):
     6:         <link href="https://cdn.jsdelivr.net/npm/bootstrap@5.3.0/dist/css/bootstrap.min.css" rel="stylesheet" integrity="sha384-9ndCyUaIbzAi2FUVXJi0CjmCapSmO7SnpJef0486qhLnuZ2cdeRhO02iuK6FUUVM" crossorigin="anonymous">
     7:         </head>
     8:     <body>
     9:         <% if form.object.errors.any? %>
    10:             <div class="alert alert-danger">
    11:                 <% form.object.errors.full_messages.each do |message|  %>
    12:                     <div>
  
app/views/signup/new.html.erb:9
Started GET "/signup" for 127.0.0.1 at 2024-01-28 14:40:37 +0900
Processing by SignupController#new as HTML
  Rendering layout layouts/application.html.erb
  Rendering signup/new.html.erb within layouts/application
  Rendered signup/new.html.erb within layouts/application (Duration: 1.7ms | Allocations: 1564)
  Rendered layout layouts/application.html.erb (Duration: 5.7ms | Allocations: 2738)
Completed 200 OK in 15ms (Views: 10.3ms | ActiveRecord: 0.0ms | Allocations: 7022)


Started POST "/signup" for 127.0.0.1 at 2024-01-28 14:40:50 +0900
Processing by SignupController#create as HTML
  Parameters: {"authenticity_token"=>"[FILTERED]", "user"=>{"user_name"=>"test_user", "email"=>"tekitou@sample.jp", "password"=>"[FILTERED]", "password_confirmation"=>"[FILTERED]"}, "commit"=>"Create User"}
Completed 500 Internal Server Error in 1ms (ActiveRecord: 0.0ms | Allocations: 750)


  
NameError (undefined local variable or method `user_params' for #<SignupController:0x000000000203c8>):
  
app/controllers/signup_controller.rb:7:in `create'
  [1m[36mUser Load (0.1ms)[0m  [1m[34mSELECT "users".* FROM "users" /* loading for pp */ LIMIT ?[0m  [["LIMIT", 11]]
  [1m[36mUser Load (0.1ms)[0m  [1m[34mSELECT "users".* FROM "users"[0m
  [1m[36mUser Load (0.1ms)[0m  [1m[34mSELECT "users".* FROM "users"[0m
  [1m[36mUser Load (0.1ms)[0m  [1m[34mSELECT "users".* FROM "users" WHERE "users"."id" = ? LIMIT ?[0m  [["id", 0], ["LIMIT", 1]]
Started GET "/signup" for 127.0.0.1 at 2024-01-28 14:45:24 +0900
Processing by SignupController#new as HTML
  Rendering layout layouts/application.html.erb
  Rendering signup/new.html.erb within layouts/application
  Rendered signup/new.html.erb within layouts/application (Duration: 1.6ms | Allocations: 1547)
  Rendered layout layouts/application.html.erb (Duration: 4.5ms | Allocations: 2721)
Completed 200 OK in 15ms (Views: 8.4ms | ActiveRecord: 3.1ms | Allocations: 7687)


Started POST "/signup" for 127.0.0.1 at 2024-01-28 14:45:39 +0900
Processing by SignupController#create as HTML
  Parameters: {"authenticity_token"=>"[FILTERED]", "user"=>{"user_name"=>"test_user", "email"=>"tekitou@sample.jp", "password"=>"[FILTERED]", "password_confirmation"=>"[FILTERED]"}, "commit"=>"Create User"}
Completed 500 Internal Server Error in 1ms (ActiveRecord: 0.0ms | Allocations: 719)


  
NameError (undefined local variable or method `user_params' for #<SignupController:0x00000000023af0>):
  
app/controllers/signup_controller.rb:7:in `create'
Started GET "/signup" for 127.0.0.1 at 2024-01-28 14:47:31 +0900
Processing by SignupController#new as HTML
  Rendering layout layouts/application.html.erb
  Rendering signup/new.html.erb within layouts/application
  Rendered signup/new.html.erb within layouts/application (Duration: 1.8ms | Allocations: 2028)
  Rendered layout layouts/application.html.erb (Duration: 5.1ms | Allocations: 3201)
Completed 200 OK in 15ms (Views: 9.2ms | ActiveRecord: 1.2ms | Allocations: 8160)


Started POST "/signup" for 127.0.0.1 at 2024-01-28 14:47:41 +0900
Processing by SignupController#create as HTML
  Parameters: {"authenticity_token"=>"[FILTERED]", "user"=>{"user_name"=>"test_user", "email"=>"tekitou@sample.jp", "password"=>"[FILTERED]", "password_confirmation"=>"[FILTERED]"}, "commit"=>"Create User"}
Completed 500 Internal Server Error in 2ms (ActiveRecord: 0.0ms | Allocations: 725)


  
NameError (undefined local variable or method `user_params' for #<SignupController:0x00000000027240>):
  
app/controllers/signup_controller.rb:7:in `create'
Started GET "/signup" for 127.0.0.1 at 2024-01-28 14:52:14 +0900
Processing by SignupController#new as HTML
  Rendering layout layouts/application.html.erb
  Rendering signup/new.html.erb within layouts/application
  Rendered signup/new.html.erb within layouts/application (Duration: 1.5ms | Allocations: 1555)
  Rendered layout layouts/application.html.erb (Duration: 4.3ms | Allocations: 2728)
Completed 200 OK in 15ms (Views: 8.5ms | ActiveRecord: 1.4ms | Allocations: 7687)


Started POST "/signup" for 127.0.0.1 at 2024-01-28 14:57:08 +0900
Processing by SignupController#create as HTML
  Parameters: {"authenticity_token"=>"[FILTERED]", "user"=>{"user_name"=>"test_user", "email"=>"tekitou@sample.jp", "password"=>"[FILTERED]", "password_confirmation"=>"[FILTERED]"}, "commit"=>"Create User"}
Completed 500 Internal Server Error in 4ms (ActiveRecord: 0.0ms | Allocations: 1511)


  
NameError (undefined local variable or method `user_params' for #<SignupController:0x0000000002dd20>):
  
app/controllers/signup_controller.rb:7:in `create'
Started GET "/signup" for 127.0.0.1 at 2024-01-28 15:00:02 +0900
Processing by SignupController#new as HTML
  Rendering layout layouts/application.html.erb
  Rendering signup/new.html.erb within layouts/application
  Rendered signup/new.html.erb within layouts/application (Duration: 17.0ms | Allocations: 4528)
  Rendered layout layouts/application.html.erb (Duration: 23.3ms | Allocations: 5703)
Completed 200 OK in 30ms (Views: 29.5ms | ActiveRecord: 0.0ms | Allocations: 6409)


Started POST "/signup" for 127.0.0.1 at 2024-01-28 15:00:27 +0900
Processing by SignupController#create as HTML
  Parameters: {"authenticity_token"=>"[FILTERED]", "user_name"=>"test_user", "email"=>"tekitou@sample.com", "password"=>"[FILTERED]", "password_confirmation"=>"[FILTERED]", "commit"=>"Save "}
Completed 500 Internal Server Error in 4ms (ActiveRecord: 0.0ms | Allocations: 1531)


  
NameError (undefined local variable or method `user_params' for #<SignupController:0x00000000031538>):
  
app/controllers/signup_controller.rb:4:in `create'
Started GET "/signup" for 127.0.0.1 at 2024-01-28 15:11:51 +0900
Processing by SignupController#new as HTML
  Rendering layout layouts/application.html.erb
  Rendering signup/new.html.erb within layouts/application
  Rendered signup/new.html.erb within layouts/application (Duration: 1.5ms | Allocations: 1551)
  Rendered layout layouts/application.html.erb (Duration: 4.3ms | Allocations: 2724)
Completed 200 OK in 15ms (Views: 8.2ms | ActiveRecord: 1.7ms | Allocations: 7683)


Started POST "/signup" for 127.0.0.1 at 2024-01-28 15:12:00 +0900
Processing by SignupController#create as HTML
  Parameters: {"authenticity_token"=>"[FILTERED]", "user"=>{"user_name"=>"test_user", "email"=>"tekitou@sample.jp", "password"=>"[FILTERED]", "password_confirmation"=>"[FILTERED]"}, "commit"=>"Create User"}
[31mUnpermitted parameter: :user_name. Context: { controller: SignupController, action: create, request: #<ActionDispatch::Request:0x000002432c45dfc8>, params: {"authenticity_token"=>"[FILTERED]", "user"=>{"user_name"=>"test_user", "email"=>"tekitou@sample.jp", "password"=>"[FILTERED]", "password_confirmation"=>"[FILTERED]"}, "commit"=>"Create User", "controller"=>"signup", "action"=>"create"} }[0m
  [1m[36mTRANSACTION (0.1ms)[0m  [1m[36mbegin transaction[0m
  ↳ app/controllers/signup_controller.rb:12:in `create'
  [1m[36mUser Exists? (0.9ms)[0m  [1m[34mSELECT 1 AS one FROM "users" WHERE "users"."email" = ? LIMIT ?[0m  [["email", "tekitou@sample.jp"], ["LIMIT", 1]]
  ↳ app/controllers/signup_controller.rb:12:in `create'
  [1m[36mTRANSACTION (0.0ms)[0m  [1m[31mrollback transaction[0m
  ↳ app/controllers/signup_controller.rb:12:in `create'
  Rendering layout layouts/application.html.erb
  Rendering signup/new.html.erb within layouts/application
  Rendered signup/new.html.erb within layouts/application (Duration: 1.1ms | Allocations: 1925)
  Rendered layout layouts/application.html.erb (Duration: 3.7ms | Allocations: 2852)
Completed 200 OK in 176ms (Views: 4.2ms | ActiveRecord: 1.0ms | Allocations: 7627)


Started GET "/signup" for 127.0.0.1 at 2024-01-28 15:24:45 +0900
Processing by SignupController#new as HTML
  Rendering layout layouts/application.html.erb
  Rendering signup/new.html.erb within layouts/application
  Rendered signup/new.html.erb within layouts/application (Duration: 1.9ms | Allocations: 1541)
  Rendered layout layouts/application.html.erb (Duration: 4.8ms | Allocations: 2714)
Completed 200 OK in 15ms (Views: 9.0ms | ActiveRecord: 0.0ms | Allocations: 6960)


Started POST "/signup" for 127.0.0.1 at 2024-01-28 15:24:57 +0900
Processing by SignupController#create as HTML
  Parameters: {"authenticity_token"=>"[FILTERED]", "user"=>{"user_name"=>"test_user", "email"=>"tekitou@sample.jp", "password"=>"[FILTERED]", "password_confirmation"=>"[FILTERED]"}, "commit"=>"Create User"}
  [1m[36mTRANSACTION (0.0ms)[0m  [1m[36mbegin transaction[0m
  ↳ app/controllers/signup_controller.rb:8:in `create'
  [1m[36mUser Exists? (2.1ms)[0m  [1m[34mSELECT 1 AS one FROM "users" WHERE "users"."email" = ? LIMIT ?[0m  [["email", "tekitou@sample.jp"], ["LIMIT", 1]]
  ↳ app/controllers/signup_controller.rb:8:in `create'
  [1m[36mUser Create (0.1ms)[0m  [1m[32mINSERT INTO "users" ("user_name", "email", "password_digest", "created_at", "updated_at") VALUES (?, ?, ?, ?, ?) RETURNING "id"[0m  [["user_name", "test_user"], ["email", "tekitou@sample.jp"], ["password_digest", "[FILTERED]"], ["created_at", "2024-01-28 06:24:58.099662"], ["updated_at", "2024-01-28 06:24:58.099662"]]
  ↳ app/controllers/signup_controller.rb:8:in `create'
  [1m[36mTRANSACTION (0.9ms)[0m  [1m[36mcommit transaction[0m
  ↳ app/controllers/signup_controller.rb:8:in `create'
Redirected to http://127.0.0.1:3000/
Completed 302 Found in 174ms (ActiveRecord: 4.0ms | Allocations: 4188)


Started GET "/" for 127.0.0.1 at 2024-01-28 15:24:58 +0900
  
ActionController::RoutingError (uninitialized constant MainController):
  
  [1m[36mUser Load (0.1ms)[0m  [1m[34mSELECT "users".* FROM "users" /* loading for pp */ LIMIT ?[0m  [["LIMIT", 11]]
Started GET "/" for 127.0.0.1 at 2024-01-28 16:42:36 +0900
  
ActionController::RoutingError (uninitialized constant MainController):
  
Started GET "/" for ::1 at 2024-01-28 16:43:22 +0900
  [1m[36mActiveRecord::SchemaMigration Load (0.1ms)[0m  [1m[34mSELECT "schema_migrations"."version" FROM "schema_migrations" ORDER BY "schema_migrations"."version" ASC[0m
  
ActionController::RoutingError (uninitialized constant MainController):
  
Started GET "/user" for ::1 at 2024-01-28 16:43:35 +0900
  
ActionController::RoutingError (No route matches [GET] "/user"):
  
Started GET "/signup" for ::1 at 2024-01-28 16:43:48 +0900
Processing by SignupController#new as HTML
  Rendering layout layouts/application.html.erb
  Rendering signup/new.html.erb within layouts/application
  Rendered signup/new.html.erb within layouts/application (Duration: 5.4ms | Allocations: 2465)
  Rendered layout layouts/application.html.erb (Duration: 41.8ms | Allocations: 21633)
Completed 200 OK in 76ms (Views: 46.9ms | ActiveRecord: 1.5ms | Allocations: 39259)


Started POST "/signup" for ::1 at 2024-01-28 16:44:14 +0900
Processing by SignupController#create as HTML
  Parameters: {"authenticity_token"=>"[FILTERED]", "user"=>{"user_name"=>"test_user2", "email"=>"tekitou2@sample.com", "password"=>"[FILTERED]", "password_confirmation"=>"[FILTERED]"}, "commit"=>"Create User"}
  [1m[36mTRANSACTION (0.0ms)[0m  [1m[36mbegin transaction[0m
  ↳ app/controllers/signup_controller.rb:8:in `create'
  [1m[36mUser Exists? (1.0ms)[0m  [1m[34mSELECT 1 AS one FROM "users" WHERE "users"."email" = ? LIMIT ?[0m  [["email", "tekitou2@sample.com"], ["LIMIT", 1]]
  ↳ app/controllers/signup_controller.rb:8:in `create'
  [1m[36mUser Create (0.1ms)[0m  [1m[32mINSERT INTO "users" ("user_name", "email", "password_digest", "created_at", "updated_at") VALUES (?, ?, ?, ?, ?) RETURNING "id"[0m  [["user_name", "test_user2"], ["email", "tekitou2@sample.com"], ["password_digest", "[FILTERED]"], ["created_at", "2024-01-28 07:44:14.377701"], ["updated_at", "2024-01-28 07:44:14.377701"]]
  ↳ app/controllers/signup_controller.rb:8:in `create'
  [1m[36mTRANSACTION (1.1ms)[0m  [1m[36mcommit transaction[0m
  ↳ app/controllers/signup_controller.rb:8:in `create'
Redirected to http://localhost:3000/
Completed 302 Found in 187ms (ActiveRecord: 2.3ms | Allocations: 8265)


Started GET "/" for ::1 at 2024-01-28 16:44:14 +0900
  
ActionController::RoutingError (uninitialized constant MainController):
  
  [1m[36mUser Load (0.1ms)[0m  [1m[34mSELECT "users".* FROM "users" /* loading for pp */ LIMIT ?[0m  [["LIMIT", 11]]
